0 info it worked if it ends with ok
1 verbose cli [ 'C:\\Program Files\\nodejs\\\\node.exe',
1 verbose cli   'C:\\Program Files\\nodejs\\node_modules\\npm\\bin\\npm-cli.js',
1 verbose cli   'uninstall',
1 verbose cli   '-g',
1 verbose cli   'electron-prebuilt' ]
2 info using npm@1.4.23
3 info using node@v0.10.31
4 verbose node symlink C:\Program Files\nodejs\\node.exe
5 verbose node_modules\electron-prebuilt unbuild
6 error Error: EPERM, unlink 'C:\Users\netanel\AppData\Roaming\npm\node_modules\electron-prebuilt\node_modules\electron-download\node_modules\home-path\.jshintrc'
6 error  { [Error: EPERM, unlink 'C:\Users\netanel\AppData\Roaming\npm\node_modules\electron-prebuilt\node_modules\electron-download\node_modules\home-path\.jshintrc']
6 error   errno: 50,
6 error   code: 'EPERM',
6 error   path: 'C:\\Users\\netanel\\AppData\\Roaming\\npm\\node_modules\\electron-prebuilt\\node_modules\\electron-download\\node_modules\\home-path\\.jshintrc' }
7 error Please try running this command again as root/Administrator.
8 error System Windows_NT 6.1.7601
9 error command "C:\\Program Files\\nodejs\\\\node.exe" "C:\\Program Files\\nodejs\\node_modules\\npm\\bin\\npm-cli.js" "uninstall" "-g" "electron-prebuilt"
10 error cwd c:\wamp\www\pro\landing
11 error node -v v0.10.31
12 error npm -v 1.4.23
13 error path C:\Users\netanel\AppData\Roaming\npm\node_modules\electron-prebuilt\node_modules\electron-download\node_modules\home-path\.jshintrc
14 error code EPERM
15 error errno 50
16 error stack Error: EPERM, unlink 'C:\Users\netanel\AppData\Roaming\npm\node_modules\electron-prebuilt\node_modules\electron-download\node_modules\home-path\.jshintrc'
17 verbose exit [ 50, true ]
